<?xml version="1.0" encoding="UTF-8"?>
<!-- Generated by org.testng.reporters.JUnitReportReporter -->
<testsuite skipped="0" hostname="Amits-MacBook-Air.local" name="SeleniumPractice.SeleniumPractice.DropDownDemo" tests="1" failures="0" timestamp="07 Apr 2021 19:30:38 GMT" time="18.616" errors="0">
  <testcase name="test" time="18.616" classname="SeleniumPractice.SeleniumPractice.DropDownDemo"/>
</testsuite> <!-- SeleniumPractice.SeleniumPractice.DropDownDemo -->
